<?xml version="1.0" encoding="utf-8"?><testsuites name="pytest tests"><testsuite name="pytest" errors="0" failures="0" skipped="0" tests="36" time="20.839" timestamp="2026-04-23T00:58:43.630454+00:00" hostname="agent-env-135872d9-48a0-40e2-9deb-ddc83db69975"><testcase classname="tests.backend_test" name="test_health" time="0.176" /><testcase classname="tests.backend_test" name="test_register_duplicate" time="0.327" /><testcase classname="tests.backend_test" name="test_login_ok" time="0.271" /><testcase classname="tests.backend_test" name="test_login_bad" time="0.266" /><testcase classname="tests.backend_test" name="test_me_jwt" time="0.047" /><testcase classname="tests.backend_test" name="test_me_no_auth" time="0.044" /><testcase classname="tests.backend_test" name="test_me_session_cookie" time="0.311" /><testcase classname="tests.backend_test" name="test_logout" time="0.046" /><testcase classname="tests.backend_test" name="test_products_auth_gated" time="0.137" /><testcase classname="tests.backend_test" name="test_seed_products_legacy_no_seo" time="0.170" /><testcase classname="tests.backend_test" name="test_list_and_get" time="0.101" /><testcase classname="tests.backend_test" name="test_create_update_delete" time="0.224" /><testcase classname="tests.backend_test" name="test_sync_success_and_stock_replication" time="0.093" /><testcase classname="tests.backend_test" name="test_sync_out_of_stock" time="0.097" /><testcase classname="tests.backend_test" name="test_sync_validation_title_too_long" time="0.098" /><testcase classname="tests.backend_test" name="test_sync_validation_bullets_and_weight" time="0.099" /><testcase classname="tests.backend_test" name="test_dashboard_stats" time="0.052" /><testcase classname="tests.backend_test" name="test_integrations_default_and_toggle" time="0.096" /><testcase classname="tests.backend_test" name="test_ai_generate_title[claude]" time="2.385" /><testcase classname="tests.backend_test" name="test_ai_generate_title[gpt]" time="0.851" /><testcase classname="tests.backend_test" name="test_ai_generate_bullets" time="5.657" /><testcase classname="tests.backend_test" name="test_ai_generate_description" time="7.749" /><testcase classname="tests.backend_test" name="test_johndrop_import_blocked_when_disconnected" time="0.328" /><testcase classname="tests.backend_test" name="test_johndrop_import_after_connect_creates_8_with_seo" time="0.108" /><testcase classname="tests.backend_test" name="test_johndrop_import_idempotent_second_call" time="0.050" /><testcase classname="tests.backend_test" name="test_imported_products_have_seo_titles" time="0.048" /><testcase classname="tests.backend_test" name="test_apply_seo_format_on_jd001" time="0.049" /><testcase classname="tests.backend_test" name="test_johndrop_import_apply_seo_false_keeps_raw" time="0.432" /><testcase classname="tests.backend_test" name="test_johndrop_import_requires_auth" time="0.069" /><testcase classname="tests.backend_test" name="test_pricing_requires_auth" time="0.048" /><testcase classname="tests.backend_test" name="test_pricing_main_formula" time="0.046" /><testcase classname="tests.backend_test" name="test_pricing_zero_cost" time="0.046" /><testcase classname="tests.backend_test" name="test_pricing_default_optional_fields" time="0.045" /><testcase classname="tests.backend_test" name="test_pricing_negative_cost_rejected" time="0.053" /><testcase classname="tests.backend_test" name="test_pricing_negative_packaging_rejected" time="0.052" /><testcase classname="tests.backend_test" name="test_ai_auth_gated" time="0.046" /></testsuite></testsuites>