<?xml version="1.0" encoding="utf-8"?><testsuites name="pytest tests"><testsuite name="pytest" errors="0" failures="0" skipped="0" tests="52" time="34.140" timestamp="2026-04-23T01:41:57.756624+00:00" hostname="agent-env-135872d9-48a0-40e2-9deb-ddc83db69975"><testcase classname="backend.tests.backend_test" name="test_health" time="0.166" /><testcase classname="backend.tests.backend_test" name="test_register_duplicate" time="0.331" /><testcase classname="backend.tests.backend_test" name="test_login_ok" time="0.270" /><testcase classname="backend.tests.backend_test" name="test_login_bad" time="0.280" /><testcase classname="backend.tests.backend_test" name="test_me_jwt" time="0.057" /><testcase classname="backend.tests.backend_test" name="test_me_no_auth" time="0.047" /><testcase classname="backend.tests.backend_test" name="test_me_session_cookie" time="0.285" /><testcase classname="backend.tests.backend_test" name="test_logout" time="0.045" /><testcase classname="backend.tests.backend_test" name="test_products_auth_gated" time="0.142" /><testcase classname="backend.tests.backend_test" name="test_seed_products_legacy_no_seo" time="0.157" /><testcase classname="backend.tests.backend_test" name="test_list_and_get" time="0.100" /><testcase classname="backend.tests.backend_test" name="test_create_update_delete" time="0.208" /><testcase classname="backend.tests.backend_test" name="test_sync_success_and_stock_replication" time="0.094" /><testcase classname="backend.tests.backend_test" name="test_sync_out_of_stock" time="0.099" /><testcase classname="backend.tests.backend_test" name="test_sync_validation_title_too_long" time="0.104" /><testcase classname="backend.tests.backend_test" name="test_sync_validation_bullets_and_weight" time="0.100" /><testcase classname="backend.tests.backend_test" name="test_dashboard_stats" time="0.053" /><testcase classname="backend.tests.backend_test" name="test_integrations_default_and_toggle" time="0.093" /><testcase classname="backend.tests.backend_test" name="test_ai_generate_title[claude]" time="1.975" /><testcase classname="backend.tests.backend_test" name="test_ai_generate_title[gpt]" time="0.748" /><testcase classname="backend.tests.backend_test" name="test_ai_generate_bullets" time="6.704" /><testcase classname="backend.tests.backend_test" name="test_ai_generate_description" time="7.318" /><testcase classname="backend.tests.backend_test" name="test_johndrop_import_blocked_when_disconnected" time="0.331" /><testcase classname="backend.tests.backend_test" name="test_johndrop_import_after_connect_creates_8_with_seo" time="0.102" /><testcase classname="backend.tests.backend_test" name="test_johndrop_import_idempotent_second_call" time="0.057" /><testcase classname="backend.tests.backend_test" name="test_imported_products_have_seo_titles" time="0.048" /><testcase classname="backend.tests.backend_test" name="test_apply_seo_format_on_jd001" time="0.044" /><testcase classname="backend.tests.backend_test" name="test_johndrop_import_apply_seo_false_keeps_raw" time="0.435" /><testcase classname="backend.tests.backend_test" name="test_johndrop_import_requires_auth" time="0.053" /><testcase classname="backend.tests.backend_test" name="test_pricing_requires_auth" time="0.049" /><testcase classname="backend.tests.backend_test" name="test_pricing_main_formula" time="0.047" /><testcase classname="backend.tests.backend_test" name="test_pricing_zero_cost" time="0.065" /><testcase classname="backend.tests.backend_test" name="test_pricing_default_optional_fields" time="0.055" /><testcase classname="backend.tests.backend_test" name="test_pricing_negative_cost_rejected" time="0.053" /><testcase classname="backend.tests.backend_test" name="test_pricing_negative_packaging_rejected" time="0.222" /><testcase classname="backend.tests.backend_test" name="test_ai_auth_gated" time="0.048" /><testcase classname="backend.tests.backend_test" name="test_jd_catalog_before_connect_returns_400" time="0.320" /><testcase classname="backend.tests.backend_test" name="test_jd_connect_wrong_password_401" time="0.675" /><testcase classname="backend.tests.backend_test" name="test_jd_connect_success" time="0.378" /><testcase classname="backend.tests.backend_test" name="test_jd_integrations_status_has_email" time="0.051" /><testcase classname="backend.tests.backend_test" name="test_jd_credential_encrypted_in_db" time="0.003" /><testcase classname="backend.tests.backend_test" name="test_jd_catalog_page1_shape" time="0.480" /><testcase classname="backend.tests.backend_test" name="test_jd_catalog_item_fields" time="0.000" /><testcase classname="backend.tests.backend_test" name="test_jd_catalog_page2_different" time="0.491" /><testcase classname="backend.tests.backend_test" name="test_jd_import_real_creates_products" time="0.477" /><testcase classname="backend.tests.backend_test" name="test_jd_import_real_idempotent" time="0.488" /><testcase classname="backend.tests.backend_test" name="test_jd_catalog_already_imported_flag" time="0.453" /><testcase classname="backend.tests.backend_test" name="test_jd_import_real_empty_list_400" time="0.052" /><testcase classname="backend.tests.backend_test" name="test_jd_import_real_with_ai_description" time="7.329" /><testcase classname="backend.tests.backend_test" name="test_jd_disconnect_removes_credentials" time="0.123" /><testcase classname="backend.tests.backend_test" name="test_apply_seo_preserves_code_after_truncation" time="1.673" /><testcase classname="backend.tests.backend_test" name="test_apply_seo_short_title_unchanged_except_code_suffix" time="0.000" /></testsuite></testsuites>